#-----------------------------------------------------------
# Vivado v2019.1 (64-bit)
# SW Build 2552052 on Fri May 24 14:49:42 MDT 2019
# IP Build 2548770 on Fri May 24 18:01:18 MDT 2019
# Start of session at: Sat Jun 20 14:12:29 2020
# Process ID: 8000
# Current directory: E:/lab/lab4
# Command line: vivado.exe -gui_launcher_event rodinguilauncherevent15632 E:\lab\lab4\lab4.xpr
# Log file: E:/lab/lab4/vivado.log
# Journal file: E:/lab/lab4\vivado.jou
#-----------------------------------------------------------
start_gui
open_project E:/lab/lab4/lab4.xpr
CRITICAL WARNING: [Project 1-19] Could not find the file 'E:/lab/mipstest_lab4.coe'.
Scanning sources...
Finished scanning sources
INFO: [IP_Flow 19-234] Refreshing IP repositories
INFO: [IP_Flow 19-1704] No user IP repositories specified
INFO: [IP_Flow 19-2313] Loaded Vivado IP repository 'E:/Xilinx/Vivado/2019.1/data/ip'.
open_project: Time (s): cpu = 00:00:14 ; elapsed = 00:00:06 . Memory (MB): peak = 764.309 ; gain = 144.121
update_compile_order -fileset sources_1
WARNING: [IP_Flow 19-4067] Ignoring invalid widget type specified checkbox.Providing a default widget
WARNING: [IP_Flow 19-4067] Ignoring invalid widget type specified checkbox.Providing a default widget
INFO: [IP_Flow 19-3484] Absolute path of file 'e:/lab/lab4/mipstest_lab4.coe' provided. It will be converted relative to IP Instance files '../../../../mipstest_lab4.coe'
set_property -dict [list CONFIG.Coe_File {E:/lab/lab4/mipstest_lab4.coe}] [get_ips inst_mem]
INFO: [IP_Flow 19-3484] Absolute path of file 'e:/lab/lab4/mipstest_lab4.coe' provided. It will be converted relative to IP Instance files '../../../../mipstest_lab4.coe'
exit
INFO: [Common 17-206] Exiting Vivado at Sat Jun 20 14:13:18 2020...
